Mon Apr 14 16:47:14 CDT 2014 : main.sh starting...
Mon Apr 14 16:47:14 CDT 2014 : main.sh defining tables...
Mon Apr 14 16:47:16 CDT 2014 : main.sh loading cmFiles into ping table...
Mon Apr 14 19:51:56 CDT 2014 : main.sh indexing tables...
Tue Apr 15 02:31:07 CDT 2014 : main.sh finding obviously bad pings...
Tue Apr 15 02:47:10 CDT 2014 : ...main.sh finished creating data base
Tue Apr 15 02:47:10 CDT 2014 : main.sh writing compressed file "huge" used by SRTM15 scripts...
Tue Apr 15 02:47:17 CDT 2014 : main.sh backing up schema to /tmp...
pg_dump: reading schemas
pg_dump: reading user-defined tables
pg_dump: reading extensions
pg_dump: reading user-defined functions
pg_dump: reading user-defined types
pg_dump: reading procedural languages
pg_dump: reading user-defined aggregate functions
pg_dump: reading user-defined operators
pg_dump: reading user-defined operator classes
pg_dump: reading user-defined operator families
pg_dump: reading user-defined text search parsers
pg_dump: reading user-defined text search templates
pg_dump: reading user-defined text search dictionaries
pg_dump: reading user-defined text search configurations
pg_dump: reading user-defined foreign-data wrappers
pg_dump: reading user-defined foreign servers
pg_dump: reading default privileges
pg_dump: reading user-defined collations
pg_dump: reading user-defined conversions
pg_dump: reading type casts
pg_dump: reading table inheritance information
pg_dump: reading event triggers
pg_dump: finding extension members
pg_dump: finding inheritance relationships
pg_dump: reading column info for interesting tables
pg_dump: finding the columns and types of table "filenames"
pg_dump: finding the columns and types of table "source_ids"
pg_dump: finding check constraints for table "source_ids"
pg_dump: finding the columns and types of table "source_id_filenames"
pg_dump: finding the columns and types of table "pings"
pg_dump: finding default expressions of table "pings"
pg_dump: finding the columns and types of table "bad_filenames"
pg_dump: finding the columns and types of table "bad_pings"
pg_dump: finding default expressions of table "bad_pings"
pg_dump: finding the columns and types of table "bad_source_ids"
pg_dump: finding check constraints for table "bad_source_ids"
pg_dump: flagging inherited columns in subtables
pg_dump: reading indexes
pg_dump: reading indexes for table "filenames"
pg_dump: reading indexes for table "source_ids"
pg_dump: reading indexes for table "source_id_filenames"
pg_dump: reading indexes for table "pings"
pg_dump: reading indexes for table "bad_filenames"
pg_dump: reading indexes for table "bad_pings"
pg_dump: reading indexes for table "bad_source_ids"
pg_dump: reading constraints
pg_dump: reading foreign key constraints for table "filenames"
pg_dump: reading foreign key constraints for table "source_ids"
pg_dump: reading foreign key constraints for table "source_id_filenames"
pg_dump: reading triggers
pg_dump: reading triggers for table "filenames"
pg_dump: reading triggers for table "source_ids"
pg_dump: reading triggers for table "source_id_filenames"
pg_dump: reading rewrite rules
pg_dump: reading dependency data
pg_dump: saving encoding = UTF8
pg_dump: saving standard_conforming_strings = on
pg_dump: creating SCHEMA srtm_plus_schema
pg_dump: creating FUNCTION add_sid_and_filename(character varying, text, text, text)
pg_dump: creating TABLE bad_filenames
pg_dump: creating TABLE pings
pg_dump: creating SEQUENCE pings_ping_id_seq
pg_dump: creating SEQUENCE OWNED BY pings_ping_id_seq
pg_dump: creating TABLE bad_pings
pg_dump: creating TABLE bad_source_ids
pg_dump: creating TABLE filenames
pg_dump: creating TABLE source_id_filenames
pg_dump: creating TABLE source_ids
pg_dump: creating DEFAULT ping_id
pg_dump: processing data for table "bad_filenames"
pg_dump: dumping contents of table bad_filenames
pg_dump: processing data for table "bad_pings"
pg_dump: dumping contents of table bad_pings
pg_dump: processing data for table "bad_source_ids"
pg_dump: dumping contents of table bad_source_ids
pg_dump: processing data for table "filenames"
pg_dump: dumping contents of table filenames
pg_dump: processing data for table "pings"
pg_dump: dumping contents of table pings
pg_dump: executing SEQUENCE SET pings_ping_id_seq
pg_dump: processing data for table "source_id_filenames"
pg_dump: dumping contents of table source_id_filenames
pg_dump: processing data for table "source_ids"
pg_dump: dumping contents of table source_ids
pg_dump: creating CONSTRAINT bad_filenames_name_key
pg_dump: creating CONSTRAINT bad_filenames_pkey
pg_dump: creating CONSTRAINT bad_pings_pkey
pg_dump: creating CONSTRAINT bad_source_ids_pkey
pg_dump: creating CONSTRAINT filenames_name_key
pg_dump: creating CONSTRAINT filenames_pkey
pg_dump: creating CONSTRAINT pings_pkey
pg_dump: creating CONSTRAINT source_id_filenames_pkey
pg_dump: creating CONSTRAINT source_ids_pkey
pg_dump: creating INDEX pings_depth_btree_index
pg_dump: creating INDEX pings_location_gist_index
pg_dump: creating INDEX pings_source_id_btree_index
pg_dump: creating FK CONSTRAINT source_id_filenames_filename_fkey
pg_dump: creating FK CONSTRAINT source_id_filenames_source_id_fkey
pg_dump: setting owner and privileges for SCHEMA srtm_plus_schema
pg_dump: setting owner and privileges for FUNCTION add_sid_and_filename(character varying, text, text, text)
pg_dump: setting owner and privileges for TABLE bad_filenames
pg_dump: setting owner and privileges for TABLE pings
pg_dump: setting owner and privileges for SEQUENCE pings_ping_id_seq
pg_dump: setting owner and privileges for SEQUENCE OWNED BY pings_ping_id_seq
pg_dump: setting owner and privileges for TABLE bad_pings
pg_dump: setting owner and privileges for TABLE bad_source_ids
pg_dump: setting owner and privileges for TABLE filenames
pg_dump: setting owner and privileges for TABLE source_id_filenames
pg_dump: setting owner and privileges for TABLE source_ids
pg_dump: setting owner and privileges for DEFAULT ping_id
pg_dump: setting owner and privileges for TABLE DATA bad_filenames
pg_dump: setting owner and privileges for TABLE DATA bad_pings
pg_dump: setting owner and privileges for TABLE DATA bad_source_ids
pg_dump: setting owner and privileges for TABLE DATA filenames
pg_dump: setting owner and privileges for TABLE DATA pings
pg_dump: setting owner and privileges for SEQUENCE SET pings_ping_id_seq
pg_dump: setting owner and privileges for TABLE DATA source_id_filenames
pg_dump: setting owner and privileges for TABLE DATA source_ids
pg_dump: setting owner and privileges for CONSTRAINT bad_filenames_name_key
pg_dump: setting owner and privileges for CONSTRAINT bad_filenames_pkey
pg_dump: setting owner and privileges for CONSTRAINT bad_pings_pkey
pg_dump: setting owner and privileges for CONSTRAINT bad_source_ids_pkey
pg_dump: setting owner and privileges for CONSTRAINT filenames_name_key
pg_dump: setting owner and privileges for CONSTRAINT filenames_pkey
pg_dump: setting owner and privileges for CONSTRAINT pings_pkey
pg_dump: setting owner and privileges for CONSTRAINT source_id_filenames_pkey
pg_dump: setting owner and privileges for CONSTRAINT source_ids_pkey
pg_dump: setting owner and privileges for INDEX pings_depth_btree_index
pg_dump: setting owner and privileges for INDEX pings_location_gist_index
pg_dump: setting owner and privileges for INDEX pings_source_id_btree_index
pg_dump: setting owner and privileges for FK CONSTRAINT source_id_filenames_filename_fkey
pg_dump: setting owner and privileges for FK CONSTRAINT source_id_filenames_source_id_fkey


Tue Apr 15 03:33:31 CDT 2014 : main.sh list of bad files


SELECT filename AS bad_files FROM srtm_plus_schema.bad_filenames ORDER BY filename ;
                                     bad_files
-----------------------------------------------------------------------------------
 /Volumes/RAID/multibeam/data/private/3DGBR/0270_SS052004_KennPlateau_final.cm
 /Volumes/RAID/multibeam/data/private/3DGBR/0274_SS022005_MellishRise_final.cm
 /Volumes/RAID/multibeam/data/private/3DGBR/0277_CRC012004_FitzroyRiver_final.cm
 /Volumes/RAID/multibeam/data/private/3DGBR/0295_SS012005_FraserIsland_final.cm
 /Volumes/RAID/multibeam/data/private/3DGBR/1149_WEST04MV_PapeeteBrisbane_final.cm
 /Volumes/RAID/multibeam/data/private/3DGBR/COAST_Australia.cm
 /Volumes/RAID/multibeam/data/private/IFREMER/94010070.bat.cm
 /Volumes/RAID/multibeam/data/private/IFREMER/94010090.bat.cm
 /Volumes/RAID/multibeam/data/private/IFREMER/95010030.bat.cm
 /Volumes/RAID/multibeam/data/private/IFREMER/96010070.bat.cm
 /Volumes/RAID/multibeam/data/private/IFREMER/96010110.bat.cm
 /Volumes/RAID/multibeam/data/private/IFREMER/98010060.bat.cm
 /Volumes/RAID/multibeam/data/private/IFREMER/98010120.bat.cm
 /Volumes/RAID/multibeam/data/public/JAMSTEC/MR06_01.cm
 /Volumes/RAID/multibeam/data/public/NGA/._HC194509.cm
 /Volumes/RAID/multibeam/data/public/NGA/._TR227689.cm
 /Volumes/RAID/multibeam/data/public/NGA/._TR233809.cm
 /Volumes/RAID/multibeam/data/public/NGA/._XX503430.cm
 /Volumes/RAID/multibeam/data/public/NGA/._XX507756.cm
 /Volumes/RAID/multibeam/data/public/NGA/TR161716.cm
 /Volumes/RAID/multibeam/data/public/NOAA_geodas/._01020048.cm
 /Volumes/RAID/multibeam/data/public/NOAA_geodas/._01030077.cm
 /Volumes/RAID/multibeam/data/public/NOAA_geodas/._01030138.cm
 /Volumes/RAID/multibeam/data/public/NOAA_geodas/._10050045.cm
 /Volumes/RAID/multibeam/data/public/NOAA_geodas/._19550006.cm
 /Volumes/RAID/multibeam/data/public/NOAA_geodas/._84020002.cm
 /Volumes/RAID/multibeam/data/public/NOAA_geodas/._84020003.cm
 /Volumes/RAID/multibeam/data/public/NOAA_geodas/01010003.cm
 /Volumes/RAID/multibeam/data/public/NOAA_geodas/01010005.cm
 /Volumes/RAID/multibeam/data/public/NOAA_geodas/01010006.cm
 /Volumes/RAID/multibeam/data/public/NOAA_geodas/01010149.cm
 /Volumes/RAID/multibeam/data/public/NOAA_geodas/01010156.cm
 /Volumes/RAID/multibeam/data/public/NOAA_geodas/02010022.cm
 /Volumes/RAID/multibeam/data/public/NOAA_geodas/02010028.cm
 /Volumes/RAID/multibeam/data/public/NOAA_geodas/02010029.cm
 /Volumes/RAID/multibeam/data/public/NOAA_geodas/02010033.cm
 /Volumes/RAID/multibeam/data/public/NOAA_geodas/02020012.cm
 /Volumes/RAID/multibeam/data/public/NOAA_geodas/02020013.cm
 /Volumes/RAID/multibeam/data/public/NOAA_geodas/02020101.cm
 /Volumes/RAID/multibeam/data/public/NOAA_geodas/02020102.cm
 /Volumes/RAID/multibeam/data/public/NOAA_geodas/02020103.cm
 /Volumes/RAID/multibeam/data/public/NOAA_geodas/02300001.cm
 /Volumes/RAID/multibeam/data/public/NOAA_geodas/02300002.cm
 /Volumes/RAID/multibeam/data/public/NOAA_geodas/02300003.cm
 /Volumes/RAID/multibeam/data/public/NOAA_geodas/02300004.cm
 /Volumes/RAID/multibeam/data/public/NOAA_geodas/02300005.cm
 /Volumes/RAID/multibeam/data/public/NOAA_geodas/02300006.cm
 /Volumes/RAID/multibeam/data/public/NOAA_geodas/02310001.cm
 /Volumes/RAID/multibeam/data/public/NOAA_geodas/02310002.cm
 /Volumes/RAID/multibeam/data/public/NOAA_geodas/03020003.cm
 /Volumes/RAID/multibeam/data/public/NOAA_geodas/03050018_ute.cm
 /Volumes/RAID/multibeam/data/public/NOAA_geodas/03100002_ute.cm
 /Volumes/RAID/multibeam/data/public/NOAA_geodas/05010015.cm
 /Volumes/RAID/multibeam/data/public/NOAA_geodas/05050001.cm
 /Volumes/RAID/multibeam/data/public/NOAA_geodas/05050002.cm
 /Volumes/RAID/multibeam/data/public/NOAA_geodas/05050003_ute.cm
 /Volumes/RAID/multibeam/data/public/NOAA_geodas/05050004.cm
 /Volumes/RAID/multibeam/data/public/NOAA_geodas/05050005.cm
 /Volumes/RAID/multibeam/data/public/NOAA_geodas/05060001.cm
 /Volumes/RAID/multibeam/data/public/NOAA_geodas/05060002.cm
 /Volumes/RAID/multibeam/data/public/NOAA_geodas/05060003.cm
 /Volumes/RAID/multibeam/data/public/NOAA_geodas/05060004.cm
 /Volumes/RAID/multibeam/data/public/NOAA_geodas/05060005.cm
 /Volumes/RAID/multibeam/data/public/NOAA_geodas/05060006.cm
 /Volumes/RAID/multibeam/data/public/NOAA_geodas/05060007.cm
 /Volumes/RAID/multibeam/data/public/NOAA_geodas/05060008.cm
 /Volumes/RAID/multibeam/data/public/NOAA_geodas/05060009.cm
 /Volumes/RAID/multibeam/data/public/NOAA_geodas/05060010.cm
 /Volumes/RAID/multibeam/data/public/NOAA_geodas/05060011.cm
 /Volumes/RAID/multibeam/data/public/NOAA_geodas/05060012.cm
 /Volumes/RAID/multibeam/data/public/NOAA_geodas/05060013.cm
 /Volumes/RAID/multibeam/data/public/NOAA_geodas/05060014.cm
 /Volumes/RAID/multibeam/data/public/NOAA_geodas/05060015.cm
 /Volumes/RAID/multibeam/data/public/NOAA_geodas/05070001.cm
 /Volumes/RAID/multibeam/data/public/NOAA_geodas/05070002.cm
 /Volumes/RAID/multibeam/data/public/NOAA_geodas/05080001_ute.cm
 /Volumes/RAID/multibeam/data/public/NOAA_geodas/05090001.cm
 /Volumes/RAID/multibeam/data/public/NOAA_geodas/05090002.cm
 /Volumes/RAID/multibeam/data/public/NOAA_geodas/05090003.cm
 /Volumes/RAID/multibeam/data/public/NOAA_geodas/06010008.cm
 /Volumes/RAID/multibeam/data/public/NOAA_geodas/06040001.cm
 /Volumes/RAID/multibeam/data/public/NOAA_geodas/06050003.cm
 /Volumes/RAID/multibeam/data/public/NOAA_geodas/06050009.cm
 /Volumes/RAID/multibeam/data/public/NOAA_geodas/06050013.cm
 /Volumes/RAID/multibeam/data/public/NOAA_geodas/06050018.cm
 /Volumes/RAID/multibeam/data/public/NOAA_geodas/06050022.cm
 /Volumes/RAID/multibeam/data/public/NOAA_geodas/06050025.cm
 /Volumes/RAID/multibeam/data/public/NOAA_geodas/06050027.cm
 /Volumes/RAID/multibeam/data/public/NOAA_geodas/06050034.cm
 /Volumes/RAID/multibeam/data/public/NOAA_geodas/06050041.cm
 /Volumes/RAID/multibeam/data/public/NOAA_geodas/06050046_ute.cm
 /Volumes/RAID/multibeam/data/public/NOAA_geodas/06050048.cm
 /Volumes/RAID/multibeam/data/public/NOAA_geodas/06050049.cm
 /Volumes/RAID/multibeam/data/public/NOAA_geodas/06050052_ute.cm
 /Volumes/RAID/multibeam/data/public/NOAA_geodas/06050053_ute.cm
 /Volumes/RAID/multibeam/data/public/NOAA_geodas/06050062.cm
 /Volumes/RAID/multibeam/data/public/NOAA_geodas/06050082.cm
 /Volumes/RAID/multibeam/data/public/NOAA_geodas/06050085_ute.cm
 /Volumes/RAID/multibeam/data/public/NOAA_geodas/06050089.cm
 /Volumes/RAID/multibeam/data/public/NOAA_geodas/06050091_ute.cm
 /Volumes/RAID/multibeam/data/public/NOAA_geodas/06050106.cm
 /Volumes/RAID/multibeam/data/public/NOAA_geodas/06110018_ute.cm
 /Volumes/RAID/multibeam/data/public/NOAA_geodas/06110020_ute.cm
 /Volumes/RAID/multibeam/data/public/NOAA_geodas/06110031.cm
 /Volumes/RAID/multibeam/data/public/NOAA_geodas/06110033.cm
 /Volumes/RAID/multibeam/data/public/NOAA_geodas/06110056.cm
 /Volumes/RAID/multibeam/data/public/NOAA_geodas/06140001_ute.cm
 /Volumes/RAID/multibeam/data/public/NOAA_geodas/06150002.cm
 /Volumes/RAID/multibeam/data/public/NOAA_geodas/06150003.cm
 /Volumes/RAID/multibeam/data/public/NOAA_geodas/06200002.cm
 /Volumes/RAID/multibeam/data/public/NOAA_geodas/06200003.cm
 /Volumes/RAID/multibeam/data/public/NOAA_geodas/06200004.cm
 /Volumes/RAID/multibeam/data/public/NOAA_geodas/06200005.cm
 /Volumes/RAID/multibeam/data/public/NOAA_geodas/06200006.cm
 /Volumes/RAID/multibeam/data/public/NOAA_geodas/06210002.cm
 /Volumes/RAID/multibeam/data/public/NOAA_geodas/06210003.cm
 /Volumes/RAID/multibeam/data/public/NOAA_geodas/06210005.cm
 /Volumes/RAID/multibeam/data/public/NOAA_geodas/06230001.cm
 /Volumes/RAID/multibeam/data/public/NOAA_geodas/06350004.cm
 /Volumes/RAID/multibeam/data/public/NOAA_geodas/06350005.cm
 /Volumes/RAID/multibeam/data/public/NOAA_geodas/06350006.cm
 /Volumes/RAID/multibeam/data/public/NOAA_geodas/06380001.cm
 /Volumes/RAID/multibeam/data/public/NOAA_geodas/06550001.cm
 /Volumes/RAID/multibeam/data/public/NOAA_geodas/06610001.cm
 /Volumes/RAID/multibeam/data/public/NOAA_geodas/06780044.cm
 /Volumes/RAID/multibeam/data/public/NOAA_geodas/06780047.cm
 /Volumes/RAID/multibeam/data/public/NOAA_geodas/06850001.cm
 /Volumes/RAID/multibeam/data/public/NOAA_geodas/06910005.cm
 /Volumes/RAID/multibeam/data/public/NOAA_geodas/06910006.cm
 /Volumes/RAID/multibeam/data/public/NOAA_geodas/06910007.cm
 /Volumes/RAID/multibeam/data/public/NOAA_geodas/06910008.cm
 /Volumes/RAID/multibeam/data/public/NOAA_geodas/06910009.cm
 /Volumes/RAID/multibeam/data/public/NOAA_geodas/06910010.cm
 /Volumes/RAID/multibeam/data/public/NOAA_geodas/06910011.cm
 /Volumes/RAID/multibeam/data/public/NOAA_geodas/06910012.cm
 /Volumes/RAID/multibeam/data/public/NOAA_geodas/06910013.cm
 /Volumes/RAID/multibeam/data/public/NOAA_geodas/06910015.cm
 /Volumes/RAID/multibeam/data/public/NOAA_geodas/06910016.cm
 /Volumes/RAID/multibeam/data/public/NOAA_geodas/06910020.cm
 /Volumes/RAID/multibeam/data/public/NOAA_geodas/06910024.cm
 /Volumes/RAID/multibeam/data/public/NOAA_geodas/06910030.cm
 /Volumes/RAID/multibeam/data/public/NOAA_geodas/06930001.cm
 /Volumes/RAID/multibeam/data/public/NOAA_geodas/06970001.cm
 /Volumes/RAID/multibeam/data/public/NOAA_geodas/06990002.cm
 /Volumes/RAID/multibeam/data/public/NOAA_geodas/06990005.cm
 /Volumes/RAID/multibeam/data/public/NOAA_geodas/06990006.cm
 /Volumes/RAID/multibeam/data/public/NOAA_geodas/06990010.cm
 /Volumes/RAID/multibeam/data/public/NOAA_geodas/06990011.cm
 /Volumes/RAID/multibeam/data/public/NOAA_geodas/06990012.cm
 /Volumes/RAID/multibeam/data/public/NOAA_geodas/07010001.cm
 /Volumes/RAID/multibeam/data/public/NOAA_geodas/07010018.cm
 /Volumes/RAID/multibeam/data/public/NOAA_geodas/07010021.cm
 /Volumes/RAID/multibeam/data/public/NOAA_geodas/07020001.cm
 /Volumes/RAID/multibeam/data/public/NOAA_geodas/07040001.cm
 /Volumes/RAID/multibeam/data/public/NOAA_geodas/08010014.cm
 /Volumes/RAID/multibeam/data/public/NOAA_geodas/09050050.cm
 /Volumes/RAID/multibeam/data/public/NOAA_geodas/09090001.cm
 /Volumes/RAID/multibeam/data/public/NOAA_geodas/09100002.cm
 /Volumes/RAID/multibeam/data/public/NOAA_geodas/09100003.cm
 /Volumes/RAID/multibeam/data/public/NOAA_geodas/09100004.cm
 /Volumes/RAID/multibeam/data/public/NOAA_geodas/09100005.cm
 /Volumes/RAID/multibeam/data/public/NOAA_geodas/09100006.cm
 /Volumes/RAID/multibeam/data/public/NOAA_geodas/09100021.cm
 /Volumes/RAID/multibeam/data/public/NOAA_geodas/09100022.cm
 /Volumes/RAID/multibeam/data/public/NOAA_geodas/09100023.cm
 /Volumes/RAID/multibeam/data/public/NOAA_geodas/09100024.cm
 /Volumes/RAID/multibeam/data/public/NOAA_geodas/09100025.cm
 /Volumes/RAID/multibeam/data/public/NOAA_geodas/09100026.cm
 /Volumes/RAID/multibeam/data/public/NOAA_geodas/09100030.cm
 /Volumes/RAID/multibeam/data/public/NOAA_geodas/09100035.cm
 /Volumes/RAID/multibeam/data/public/NOAA_geodas/09100037.cm
 /Volumes/RAID/multibeam/data/public/NOAA_geodas/09100038.cm
 /Volumes/RAID/multibeam/data/public/NOAA_geodas/09100039.cm
 /Volumes/RAID/multibeam/data/public/NOAA_geodas/09100040.cm
 /Volumes/RAID/multibeam/data/public/NOAA_geodas/09110001.cm
 /Volumes/RAID/multibeam/data/public/NOAA_geodas/09110002.cm
 /Volumes/RAID/multibeam/data/public/NOAA_geodas/09110003.cm
 /Volumes/RAID/multibeam/data/public/NOAA_geodas/09110004.cm
 /Volumes/RAID/multibeam/data/public/NOAA_geodas/09110005.cm
 /Volumes/RAID/multibeam/data/public/NOAA_geodas/09110006.cm
 /Volumes/RAID/multibeam/data/public/NOAA_geodas/09110007.cm
 /Volumes/RAID/multibeam/data/public/NOAA_geodas/09110008.cm
 /Volumes/RAID/multibeam/data/public/NOAA_geodas/09110010.cm
 /Volumes/RAID/multibeam/data/public/NOAA_geodas/09110011.cm
 /Volumes/RAID/multibeam/data/public/NOAA_geodas/09120001.cm
 /Volumes/RAID/multibeam/data/public/NOAA_geodas/09120002.cm
 /Volumes/RAID/multibeam/data/public/NOAA_geodas/09120003.cm
 /Volumes/RAID/multibeam/data/public/NOAA_geodas/09120004.cm
 /Volumes/RAID/multibeam/data/public/NOAA_geodas/09130001.cm
 /Volumes/RAID/multibeam/data/public/NOAA_geodas/09130002.cm
 /Volumes/RAID/multibeam/data/public/NOAA_geodas/09160001.cm
 /Volumes/RAID/multibeam/data/public/NOAA_geodas/09160002.cm
 /Volumes/RAID/multibeam/data/public/NOAA_geodas/09160003.cm
 /Volumes/RAID/multibeam/data/public/NOAA_geodas/09160004.cm
 /Volumes/RAID/multibeam/data/public/NOAA_geodas/09160005.cm
 /Volumes/RAID/multibeam/data/public/NOAA_geodas/09160006.cm
 /Volumes/RAID/multibeam/data/public/NOAA_geodas/09160007.cm
 /Volumes/RAID/multibeam/data/public/NOAA_geodas/09160008.cm
 /Volumes/RAID/multibeam/data/public/NOAA_geodas/09260023.cm
 /Volumes/RAID/multibeam/data/public/NOAA_geodas/09620008.cm
 /Volumes/RAID/multibeam/data/public/NOAA_geodas/10020024.cm
 /Volumes/RAID/multibeam/data/public/NOAA_geodas/10050015.cm
 /Volumes/RAID/multibeam/data/public/NOAA_geodas/10050043.cm
 /Volumes/RAID/multibeam/data/public/NOAA_geodas/12090004.cm
 /Volumes/RAID/multibeam/data/public/NOAA_geodas/13030001.cm
 /Volumes/RAID/multibeam/data/public/NOAA_geodas/15010040.cm
 /Volumes/RAID/multibeam/data/public/NOAA_geodas/15010043.cm
 /Volumes/RAID/multibeam/data/public/NOAA_geodas/15020001.cm
 /Volumes/RAID/multibeam/data/public/NOAA_geodas/15020172.cm
 /Volumes/RAID/multibeam/data/public/NOAA_geodas/15020173.cm
 /Volumes/RAID/multibeam/data/public/NOAA_geodas/15020205.cm
 /Volumes/RAID/multibeam/data/public/NOAA_geodas/15020207.cm
 /Volumes/RAID/multibeam/data/public/NOAA_geodas/15030011.cm
 /Volumes/RAID/multibeam/data/public/NOAA_geodas/15030012.cm
 /Volumes/RAID/multibeam/data/public/NOAA_geodas/15040016.cm
 /Volumes/RAID/multibeam/data/public/NOAA_geodas/15040027.cm
 /Volumes/RAID/multibeam/data/public/NOAA_geodas/15040036.cm
 /Volumes/RAID/multibeam/data/public/NOAA_geodas/15040039.cm
 /Volumes/RAID/multibeam/data/public/NOAA_geodas/15040063.cm
 /Volumes/RAID/multibeam/data/public/NOAA_geodas/15040065.cm
 /Volumes/RAID/multibeam/data/public/NOAA_geodas/15040066.cm
 /Volumes/RAID/multibeam/data/public/NOAA_geodas/15040208.cm
 /Volumes/RAID/multibeam/data/public/NOAA_geodas/15040209.cm
 /Volumes/RAID/multibeam/data/public/NOAA_geodas/15050010.cm
 /Volumes/RAID/multibeam/data/public/NOAA_geodas/15080002.cm
 /Volumes/RAID/multibeam/data/public/NOAA_geodas/15080003.cm
 /Volumes/RAID/multibeam/data/public/NOAA_geodas/15080004.cm
 /Volumes/RAID/multibeam/data/public/NOAA_geodas/15080005.cm
 /Volumes/RAID/multibeam/data/public/NOAA_geodas/15100001.cm
 /Volumes/RAID/multibeam/data/public/NOAA_geodas/15130001.cm
 /Volumes/RAID/multibeam/data/public/NOAA_geodas/15140001.cm
 /Volumes/RAID/multibeam/data/public/NOAA_geodas/15190001.cm
 /Volumes/RAID/multibeam/data/public/NOAA_geodas/15200001.cm
 /Volumes/RAID/multibeam/data/public/NOAA_geodas/15200002.cm
 /Volumes/RAID/multibeam/data/public/NOAA_geodas/19920001.cm
 /Volumes/RAID/multibeam/data/public/NOAA_geodas/19920002.cm
 /Volumes/RAID/multibeam/data/public/NOAA_geodas/19960001.cm
 /Volumes/RAID/multibeam/data/public/NOAA_geodas/23060063.cm
 /Volumes/RAID/multibeam/data/public/NOAA_geodas/23060075.cm
 /Volumes/RAID/multibeam/data/public/NOAA_geodas/24060001.cm
 /Volumes/RAID/multibeam/data/public/NOAA_geodas/24060002.cm
 /Volumes/RAID/multibeam/data/public/NOAA_geodas/29030002.cm
 /Volumes/RAID/multibeam/data/public/NOAA_geodas/29030003.cm
 /Volumes/RAID/multibeam/data/public/NOAA_geodas/29050007.cm
 /Volumes/RAID/multibeam/data/public/NOAA_geodas/29110001.cm
 /Volumes/RAID/multibeam/data/public/NOAA_geodas/29120001.cm
 /Volumes/RAID/multibeam/data/public/NOAA_geodas/29120002.cm
 /Volumes/RAID/multibeam/data/public/NOAA_geodas/29120003.cm
 /Volumes/RAID/multibeam/data/public/NOAA_geodas/29120004.cm
 /Volumes/RAID/multibeam/data/public/NOAA_geodas/29120005.cm
 /Volumes/RAID/multibeam/data/public/NOAA_geodas/29990001.cm
 /Volumes/RAID/multibeam/data/public/NOAA_geodas/60000003.cm
 /Volumes/RAID/multibeam/data/public/NOAA_geodas/60000004.cm
 /Volumes/RAID/multibeam/data/public/NOAA_geodas/60000012.cm
 /Volumes/RAID/multibeam/data/public/NOAA_geodas/60000013.cm
 /Volumes/RAID/multibeam/data/public/NOAA_geodas/60000014.cm
 /Volumes/RAID/multibeam/data/public/NOAA_geodas/60000015.cm
 /Volumes/RAID/multibeam/data/public/NOAA_geodas/60000016.cm
 /Volumes/RAID/multibeam/data/public/NOAA_geodas/60000017.cm
 /Volumes/RAID/multibeam/data/public/NOAA_geodas/60000018.cm
 /Volumes/RAID/multibeam/data/public/NOAA_geodas/60000021.cm
 /Volumes/RAID/multibeam/data/public/NOAA_geodas/60000023.cm
 /Volumes/RAID/multibeam/data/public/NOAA_geodas/60000024.cm
 /Volumes/RAID/multibeam/data/public/NOAA_geodas/60000028.cm
 /Volumes/RAID/multibeam/data/public/NOAA_geodas/60000030.cm
 /Volumes/RAID/multibeam/data/public/NOAA_geodas/60090001.cm
 /Volumes/RAID/multibeam/data/public/NOAA_geodas/60100001.cm
 /Volumes/RAID/multibeam/data/public/NOAA_geodas/60110001.cm
 /Volumes/RAID/multibeam/data/public/NOAA_geodas/67010186.cm
 /Volumes/RAID/multibeam/data/public/NOAA_geodas/67010187.cm
 /Volumes/RAID/multibeam/data/public/NOAA_geodas/67010204.cm
 /Volumes/RAID/multibeam/data/public/NOAA_geodas/67020005.cm
 /Volumes/RAID/multibeam/data/public/NOAA_geodas/67030003.cm
 /Volumes/RAID/multibeam/data/public/NOAA_geodas/83030001.cm
 /Volumes/RAID/multibeam/data/public/NOAA_geodas/88010013.cm
 /Volumes/RAID/multibeam/data/public/NOAA_geodas/88010029.cm
 /Volumes/RAID/multibeam/data/public/NOAA_geodas/J1010038.cm
 /Volumes/RAID/multibeam/data/public/NOAA_geodas/J1010095.cm
 /Volumes/RAID/multibeam/data/public/NOAA_geodas/J1020017.cm
 /Volumes/RAID/multibeam/data/public/NOAA_geodas/J1020018.cm
 /Volumes/RAID/multibeam/data/public/NOAA_geodas/J1020019.cm
 /Volumes/RAID/multibeam/data/public/NOAA_geodas/J1020020.cm
 /Volumes/RAID/multibeam/data/public/NOAA_geodas/J1020022.cm
 /Volumes/RAID/multibeam/data/public/NOAA_geodas/J1020023.cm
 /Volumes/RAID/multibeam/data/public/NOAA_geodas/J1020028.cm
 /Volumes/RAID/multibeam/data/public/NOAA_geodas/J1030011.cm
 /Volumes/RAID/multibeam/data/public/NOAA_geodas/J1030012.cm
 /Volumes/RAID/multibeam/data/public/NOAA_geodas/J1030013.cm
 /Volumes/RAID/multibeam/data/public/NOAA_geodas/J1030014.cm
 /Volumes/RAID/multibeam/data/public/NOAA_geodas/J1030015.cm
 /Volumes/RAID/multibeam/data/public/NOAA_geodas/J1030016.cm
 /Volumes/RAID/multibeam/data/public/NOAA_geodas/J1030017.cm
 /Volumes/RAID/multibeam/data/public/NOAA_geodas/J1030018.cm
 /Volumes/RAID/multibeam/data/public/NOAA_geodas/J1030019.cm
 /Volumes/RAID/multibeam/data/public/NOAA_geodas/J1030020.cm
 /Volumes/RAID/multibeam/data/public/NOAA_geodas/J1030021.cm
 /Volumes/RAID/multibeam/data/public/NOAA_geodas/J1030022.cm
 /Volumes/RAID/multibeam/data/public/NOAA_geodas/J1030023.cm
 /Volumes/RAID/multibeam/data/public/NOAA_geodas/J1030025.cm
 /Volumes/RAID/multibeam/data/public/NOAA_geodas/J1030026.cm
 /Volumes/RAID/multibeam/data/public/NOAA_geodas/J1030027.cm
 /Volumes/RAID/multibeam/data/public/NOAA_geodas/J1030028.cm
 /Volumes/RAID/multibeam/data/public/NOAA_geodas/J1030029.cm
 /Volumes/RAID/multibeam/data/public/NOAA_geodas/J1030030.cm
 /Volumes/RAID/multibeam/data/public/NOAA_geodas/J1030031.cm
 /Volumes/RAID/multibeam/data/public/NOAA_geodas/J1030032.cm
 /Volumes/RAID/multibeam/data/public/NOAA_geodas/J1030033.cm
 /Volumes/RAID/multibeam/data/public/NOAA_geodas/J1030034.cm
 /Volumes/RAID/multibeam/data/public/NOAA_geodas/J1060001.cm
 /Volumes/RAID/multibeam/data/public/NOAA_geodas/J4010001.cm
 /Volumes/RAID/multibeam/data/public/NOAA_geodas/J4030001.cm
 /Volumes/RAID/multibeam/data/public/NOAA_geodas/J4030002.cm
 /Volumes/RAID/multibeam/data/public/NOAA_geodas/J5990018.cm
 /Volumes/RAID/multibeam/data/public/NOAA_geodas/J5990023.cm
 /Volumes/RAID/multibeam/data/public/SIO_multi/AVON10MV.cm
 /Volumes/RAID/multibeam/data/public/SIO_multi/BMRG01MV.cm
 /Volumes/RAID/multibeam/data/public/SIO_multi/BMRG03MV.cm
 /Volumes/RAID/multibeam/data/public/SIO_multi/BMRG04MV.cm
 /Volumes/RAID/multibeam/data/public/SIO_multi/BMRG05MV.cm
 /Volumes/RAID/multibeam/data/public/SIO_multi/BMRG06MV.cm
 /Volumes/RAID/multibeam/data/public/SIO_multi/BMRG07MV.cm
 /Volumes/RAID/multibeam/data/public/SIO_multi/GLOR06MV.cm
 /Volumes/RAID/multibeam/data/public/SIO_multi/GLOR07MV.cm
 /Volumes/RAID/multibeam/data/public/SIO_multi/KIWI02RR.cm
 /Volumes/RAID/multibeam/data/public/SIO_multi/KIWI14RR.cm
 /Volumes/RAID/multibeam/data/public/SIO_multi/NV9704MV.cm
 /Volumes/RAID/multibeam/data/public/SIO_multi/PANR04MV.cm
 /Volumes/RAID/multibeam/data/public/SIO_multi/PANR05MV.cm
 /Volumes/RAID/multibeam/data/public/SIO_multi/PANR06MV.cm
 /Volumes/RAID/multibeam/data/public/SIO_multi/PANR07MV.cm
 /Volumes/RAID/multibeam/data/public/SIO_multi/SEAW02RR.cm
 /Volumes/RAID/multibeam/data/public/SIO_multi/SOJN07MV.cm
 /Volumes/RAID/multibeam/data/public/SIO_multi/TUNE06WT.cm
 /Volumes/RAID/multibeam/data/public/SIO_multi/WEST08MV.cm
 /Volumes/RAID/multibeam/data/public/US_multi/AT11L3_ed.cm
 /Volumes/RAID/multibeam/data/public/lakes/biakal.cm
(336 rows)

Tue Apr 15 03:33:33 CDT 2014 : main.sh all done
